2025-09-26 14:11:36 - INFO - PubChem_Periodic_Table_Boiling_Point - Periodic Table button clicked from HOMEPAGE. 
2025-09-26 14:11:46 - INFO - PubChem_Periodic_Table_Boiling_Point - Periodic Table button clicked from HOMEPAGE. 
2025-09-26 14:11:55 - INFO - PubChem_Periodic_Table_Boiling_Point - Periodic Table button clicked from HOMEPAGE. 
2025-09-26 14:13:39 - INFO - PubChem_Periodic_Table_Boiling_Point - Periodic Table button clicked from HOMEPAGE. 
2025-09-26 14:13:41 - INFO - PubChem_Periodic_Table_Boiling_Point - Boiling Point window : is opened. 
2025-09-26 14:13:41 - INFO - PubChem_Periodic_Table_Boiling_Point - all : is selected. 
2025-09-26 14:13:42 - INFO - PubChem_Periodic_Table_Boiling_Point - period_1 : is selected. 
2025-09-26 14:13:42 - INFO - PubChem_Periodic_Table_Boiling_Point - period_2 : is selected. 
2025-09-26 14:13:42 - INFO - PubChem_Periodic_Table_Boiling_Point - period_3 : is selected. 
2025-09-26 14:13:43 - INFO - PubChem_Periodic_Table_Boiling_Point - period_4 : is selected. 
2025-09-26 14:13:43 - INFO - PubChem_Periodic_Table_Boiling_Point - period_5 : is selected. 
2025-09-26 14:13:44 - INFO - PubChem_Periodic_Table_Boiling_Point - period_6 : is selected. 
2025-09-26 14:13:45 - INFO - PubChem_Periodic_Table_Boiling_Point - period_7 : is selected. 
2025-09-26 14:13:45 - INFO - PubChem_Periodic_Table_Boiling_Point - group_1 : is selected. 
2025-09-26 14:13:45 - INFO - PubChem_Periodic_Table_Boiling_Point - group_2 : is selected. 
2025-09-26 14:13:46 - INFO - PubChem_Periodic_Table_Boiling_Point - group_3 : is selected. 
2025-09-26 14:13:46 - INFO - PubChem_Periodic_Table_Boiling_Point - group_4 : is selected. 
2025-09-26 14:13:47 - INFO - PubChem_Periodic_Table_Boiling_Point - group_5 : is selected. 
2025-09-26 14:13:47 - INFO - PubChem_Periodic_Table_Boiling_Point - group_6 : is selected. 
2025-09-26 14:13:47 - INFO - PubChem_Periodic_Table_Boiling_Point - group_7 : is selected. 
2025-09-26 14:13:48 - INFO - PubChem_Periodic_Table_Boiling_Point - group_8 : is selected. 
2025-09-26 14:13:48 - INFO - PubChem_Periodic_Table_Boiling_Point - group_9 : is selected. 
2025-09-26 14:13:49 - INFO - PubChem_Periodic_Table_Boiling_Point - group_10 : is selected. 
2025-09-26 14:13:49 - INFO - PubChem_Periodic_Table_Boiling_Point - group_11 : is selected. 
2025-09-26 14:13:49 - INFO - PubChem_Periodic_Table_Boiling_Point - group_12 : is selected. 
2025-09-26 14:13:50 - INFO - PubChem_Periodic_Table_Boiling_Point - group_13 : is selected. 
2025-09-26 14:13:50 - INFO - PubChem_Periodic_Table_Boiling_Point - group_14 : is selected. 
2025-09-26 14:13:51 - INFO - PubChem_Periodic_Table_Boiling_Point - group_15 : is selected. 
2025-09-26 14:13:51 - INFO - PubChem_Periodic_Table_Boiling_Point - group_16 : is selected. 
2025-09-26 14:13:51 - INFO - PubChem_Periodic_Table_Boiling_Point - group_17 : is selected. 
2025-09-26 14:13:52 - INFO - PubChem_Periodic_Table_Boiling_Point - group_18 : is selected. 
2025-09-26 14:14:01 - INFO - PubChem_Periodic_Table_Boiling_Point - Periodic Table button clicked from HOMEPAGE. 
2025-09-26 14:14:03 - INFO - PubChem_Periodic_Table_Boiling_Point - Boiling Point window : is opened. 
2025-09-26 14:14:04 - INFO - PubChem_Periodic_Table_Boiling_Point - All Elements : is selected. 
2025-09-26 14:14:04 - INFO - PubChem_Periodic_Table_Boiling_Point - Period 1 (Atomic Numbers: 1, 2) : is selected. 
2025-09-26 14:14:05 - INFO - PubChem_Periodic_Table_Boiling_Point - Period 2 (Atomic Numbers: 3, 4, 5, 6, 7, 8, 9, 10) : is selected. 
2025-09-26 14:14:05 - INFO - PubChem_Periodic_Table_Boiling_Point - Period 3 (Atomic Numbers: 11, 12, 13, 14, 15, 16, 17, 18) : is selected. 
2025-09-26 14:14:06 - INFO - PubChem_Periodic_Table_Boiling_Point - Period 4 (Atomic Numbers: 19, 20, 21, 22, 23, 24, 25, 26, 27, 28, 29, 30, 31, 32, 33, 34, 35, 36) : is selected. 
2025-09-26 14:14:06 - INFO - PubChem_Periodic_Table_Boiling_Point - Period 5 (Atomic Numbers: 37, 38, 39, 40, 41, 42, 43, 44, 45, 46, 47, 48, 49, 50, 51, 52, 53, 54) : is selected. 
2025-09-26 14:14:07 - INFO - PubChem_Periodic_Table_Boiling_Point - Period 6 (Atomic Numbers: 55, 56, 57, 58, 59, 60, 61, 62, 63, 64, 65, 66, 67, 68, 69, 70, 71, 72, 73, 74, 75, 76, 77, 78, 79, 80, 81, 82, 83, 84, 85, 86) : is selected. 
2025-09-26 14:14:08 - INFO - PubChem_Periodic_Table_Boiling_Point - Period 7 (Atomic Numbers: 87, 88, 89, 90, 91, 92, 93, 94, 95, 96, 97, 98, 99, 100, 101, 102, 103, 104, 105, 106, 107, 108, 109, 110, 111, 112, 113, 114, 115, 116, 117, 118) : is selected. 
2025-09-26 14:14:08 - INFO - PubChem_Periodic_Table_Boiling_Point - Group 1 (Atomic Numbers: 1, 3, 11, 19, 37, 55, 87) : is selected. 
2025-09-26 14:14:09 - INFO - PubChem_Periodic_Table_Boiling_Point - Group 2 (Atomic Numbers: 4, 12, 20, 38, 56, 88) : is selected. 
2025-09-26 14:14:09 - INFO - PubChem_Periodic_Table_Boiling_Point - Group 3 (Atomic Numbers: 21, 39, 71, 103) : is selected. 
2025-09-26 14:14:10 - INFO - PubChem_Periodic_Table_Boiling_Point - Group 4 (Atomic Numbers: 22, 40, 72, 104) : is selected. 
2025-09-26 14:14:10 - INFO - PubChem_Periodic_Table_Boiling_Point - Group 5 (Atomic Numbers: 23, 41, 73, 105) : is selected. 
2025-09-26 14:14:10 - INFO - PubChem_Periodic_Table_Boiling_Point - Group 6 (Atomic Numbers: 24, 42, 74, 106) : is selected. 
2025-09-26 14:14:11 - INFO - PubChem_Periodic_Table_Boiling_Point - Group 7 (Atomic Numbers: 25, 43, 75, 107) : is selected. 
2025-09-26 14:14:11 - INFO - PubChem_Periodic_Table_Boiling_Point - Group 8 (Atomic Numbers: 26, 44, 76, 108) : is selected. 
2025-09-26 14:14:12 - INFO - PubChem_Periodic_Table_Boiling_Point - Group 9 (Atomic Numbers: 27, 45, 77, 109) : is selected. 
2025-09-26 14:14:12 - INFO - PubChem_Periodic_Table_Boiling_Point - Group 10 (Atomic Numbers: 28, 46, 78, 110) : is selected. 
2025-09-26 14:14:13 - INFO - PubChem_Periodic_Table_Boiling_Point - Group 11 (Atomic Numbers: 29, 47, 79, 111) : is selected. 
2025-09-26 14:14:13 - INFO - PubChem_Periodic_Table_Boiling_Point - Group 12 (Atomic Numbers: 30, 48, 80, 112) : is selected. 
2025-09-26 14:14:14 - INFO - PubChem_Periodic_Table_Boiling_Point - Group 13 (Atomic Numbers: 5, 13, 31, 49, 81, 113) : is selected. 
2025-09-26 14:14:14 - INFO - PubChem_Periodic_Table_Boiling_Point - Group 14 (Atomic Numbers: 6, 14, 32, 50, 82, 114) : is selected. 
2025-09-26 14:14:15 - INFO - PubChem_Periodic_Table_Boiling_Point - Group 15 (Atomic Numbers: 7, 15, 33, 51, 83, 115) : is selected. 
2025-09-26 14:14:15 - INFO - PubChem_Periodic_Table_Boiling_Point - Group 16 (Atomic Numbers: 8, 16, 34, 52, 84, 116) : is selected. 
2025-09-26 14:14:16 - INFO - PubChem_Periodic_Table_Boiling_Point - Group 17 (Atomic Numbers: 9, 17, 35, 53, 85, 117) : is selected. 
2025-09-26 14:14:16 - INFO - PubChem_Periodic_Table_Boiling_Point - Group 18 (Atomic Numbers: 2, 10, 18, 36, 54, 86, 118) : is selected. 
2025-09-26 14:14:25 - INFO - PubChem_Periodic_Table_Boiling_Point - Periodic Table button clicked from HOMEPAGE. 
2025-09-26 14:14:27 - INFO - PubChem_Periodic_Table_Boiling_Point - Boiling Point window : is opened. 
2025-09-26 14:14:27 - INFO - PubChem_Periodic_Table_Boiling_Point - 0 : is selected. 
2025-09-26 14:14:28 - INFO - PubChem_Periodic_Table_Boiling_Point - 1 : is selected. 
2025-09-26 14:14:28 - INFO - PubChem_Periodic_Table_Boiling_Point - 2 : is selected. 
2025-09-26 14:14:29 - INFO - PubChem_Periodic_Table_Boiling_Point - 3 : is selected. 
2025-09-26 14:14:29 - INFO - PubChem_Periodic_Table_Boiling_Point - 4 : is selected. 
2025-09-26 14:14:30 - INFO - PubChem_Periodic_Table_Boiling_Point - 5 : is selected. 
2025-09-26 14:14:30 - INFO - PubChem_Periodic_Table_Boiling_Point - 6 : is selected. 
2025-09-26 14:14:31 - INFO - PubChem_Periodic_Table_Boiling_Point - 7 : is selected. 
2025-09-26 14:14:31 - INFO - PubChem_Periodic_Table_Boiling_Point - 8 : is selected. 
2025-09-26 14:14:32 - INFO - PubChem_Periodic_Table_Boiling_Point - 9 : is selected. 
2025-09-26 14:14:33 - INFO - PubChem_Periodic_Table_Boiling_Point - 10 : is selected. 
2025-09-26 14:14:33 - INFO - PubChem_Periodic_Table_Boiling_Point - 11 : is selected. 
2025-09-26 14:14:34 - INFO - PubChem_Periodic_Table_Boiling_Point - 12 : is selected. 
2025-09-26 14:14:34 - INFO - PubChem_Periodic_Table_Boiling_Point - 13 : is selected. 
2025-09-26 14:14:35 - INFO - PubChem_Periodic_Table_Boiling_Point - 14 : is selected. 
2025-09-26 14:14:35 - INFO - PubChem_Periodic_Table_Boiling_Point - 15 : is selected. 
2025-09-26 14:14:36 - INFO - PubChem_Periodic_Table_Boiling_Point - 16 : is selected. 
2025-09-26 14:14:36 - INFO - PubChem_Periodic_Table_Boiling_Point - 17 : is selected. 
2025-09-26 14:14:37 - INFO - PubChem_Periodic_Table_Boiling_Point - 18 : is selected. 
2025-09-26 14:14:38 - INFO - PubChem_Periodic_Table_Boiling_Point - 19 : is selected. 
2025-09-26 14:14:38 - INFO - PubChem_Periodic_Table_Boiling_Point - 20 : is selected. 
2025-09-26 14:14:39 - INFO - PubChem_Periodic_Table_Boiling_Point - 21 : is selected. 
2025-09-26 14:14:40 - INFO - PubChem_Periodic_Table_Boiling_Point - 22 : is selected. 
2025-09-26 14:14:40 - INFO - PubChem_Periodic_Table_Boiling_Point - 23 : is selected. 
2025-09-26 14:14:41 - INFO - PubChem_Periodic_Table_Boiling_Point - 24 : is selected. 
